Your setting is:
-pkgdir   =/opt/I-TASSER3.0
-libdir   =/opt/I-TASSER3.0/ITLIB
-seqname  =p2_orf47
-datadir  =/home/smg/projects/p2/lomets-3/orf47
-usrname  =smg
-tmptop   =/home/smg/projects/p2/lomets-3/orf47/tmp
-homoflag =real
-idcut    =1
-ntemp    =20
-ntop     =10
-java_home =/usr/lib/jvm/java-7-oracle/jre/
starting time: Sat Mar  1 02:39:36 EST 2014
pwd: /home/smg/projects/p2/lomets-3/orf47
1. make seq.txt
2.1 run Psi-blast
2.2 run PSSpred
3.1 do threading
/home/smg/projects/p2/lomets-3/orf47/init.dPPAS
start threading dPPAS
hostname: colibri
starting time: Sat Mar  1 02:40:06 EST 2014
pwd: /home/smg/projects/p2/lomets-3/orf47/tmp/smg/LMp2_orf47
running zalign .....
ending time: Sat Mar  1 02:43:17 EST 2014
/home/smg/projects/p2/lomets-3/orf47/init.MUSTER
start threading MUSTER
hostname: colibri
starting time: Sat Mar  1 02:43:18 EST 2014
pwd: /home/smg/projects/p2/lomets-3/orf47/tmp/smg/LMp2_orf47
running Psi-blast .....
running zalign .....
./zalign 7.01 0.55 0.66 1.6 -0.99 0.31 0.19 0 1.0 0.39 0.19
==>3qwoC 2wp0C 5.95684632432798 4.34427117654933
 3qwoC 2wp0C 23 23
score_flag=1
ending time: Sat Mar  1 02:47:58 EST 2014
/home/smg/projects/p2/lomets-3/orf47/init.wdPPAS
start threading wdPPAS
hostname: colibri
starting time: Sat Mar  1 02:48:00 EST 2014
pwd: /home/smg/projects/p2/lomets-3/orf47/tmp/smg/LMp2_orf47
running Psi-blast .....
ending time: Sat Mar  1 02:54:53 EST 2014
/home/smg/projects/p2/lomets-3/orf47/init.wPPAS
start threading wPPAS
hostname: colibri
starting time: Sat Mar  1 02:54:54 EST 2014
pwd: /home/smg/projects/p2/lomets-3/orf47/tmp/smg/LMp2_orf47
running Psi-blast .....
ending time: Sat Mar  1 02:57:48 EST 2014
/home/smg/projects/p2/lomets-3/orf47/init.wMUSTER
start threading wMUSTER
hostname: colibri
starting time: Sat Mar  1 02:57:49 EST 2014
pwd: /home/smg/projects/p2/lomets-3/orf47/tmp/smg/LMp2_orf47
running Psi-blast .....
running Psi-blast .....
==>3qwoC 2wp0C 6.04061214767843 4.57540458377118
 3qwoC 2wp0C 25.58 23.26
score_flag=1
ending time: Sat Mar  1 03:08:15 EST 2014
/home/smg/projects/p2/lomets-3/orf47/init.dPPAS2
start threading dPPAS2
hostname: colibri
starting time: Sat Mar  1 03:08:17 EST 2014
pwd: /home/smg/projects/p2/lomets-3/orf47/tmp/smg/LMp2_orf47
running zalign .....
ending time: Sat Mar  1 03:11:27 EST 2014
/home/smg/projects/p2/lomets-3/orf47/init.PPAS
start threading PPAS
hostname: colibri
starting time: Sat Mar  1 03:11:29 EST 2014
pwd: /home/smg/projects/p2/lomets-3/orf47/tmp/smg/LMp2_orf47
running zalign .....
ending time: Sat Mar  1 03:13:03 EST 2014
/home/smg/projects/p2/lomets-3/orf47/init.Env-PPAS
start threading Env-PPAS
hostname: colibri
starting time: Sat Mar  1 03:13:04 EST 2014
pwd: /home/smg/projects/p2/lomets-3/orf47/tmp/smg/LMp2_orf47
running zalign .....
ending time: Sat Mar  1 03:16:30 EST 2014
3.2 make restraints
4 analyse result
Jobs finished!
ending time: Sat Mar  1 03:16:34 EST 2014
